<?xml version="1.0" encoding="UTF-8"?>
<!-- Generated by org.testng.reporters.JUnitReportReporter -->
<testsuite hostname="Tilak" failures="0" tests="1" name="selenium.testscript.DropdownHandling" time="15.791" errors="0" timestamp="2022-11-24T16:00:37 IST" skipped="0">
  <testcase classname="selenium.testscript.DropdownHandling" name="dropdownHandle" time="15.791"/>
  <system-out/>
</testsuite> <!-- selenium.testscript.DropdownHandling -->
