<?xml version="1.0" encoding="UTF-8"?>
<!-- Generated by org.testng.reporters.JUnitReportReporter -->
<testsuite hostname="Tilak" failures="0" tests="1" name="selenium.testscript.HiddenDivison" time="22.463" errors="0" timestamp="2022-11-22T19:23:35 IST" skipped="0">
  <testcase classname="selenium.testscript.HiddenDivison" name="hiddenDivison" time="22.463"/>
  <system-out/>
</testsuite> <!-- selenium.testscript.HiddenDivison -->
